#-----------------------------------------------------------
# Vivado v2018.3 (64-bit)
# SW Build 2405991 on Thu Dec  6 23:38:27 MST 2018
# IP Build 2404404 on Fri Dec  7 01:43:56 MST 2018
# Start of session at: Fri May 24 16:33:29 2019
# Process ID: 7920
# Current directory: C:/Users/joseluis/Desktop/Perceptron
# Command line: vivado.exe -gui_launcher_event rodinguilauncherevent10796 C:\Users\joseluis\Desktop\Perceptron\Perceptron.xpr
# Log file: C:/Users/joseluis/Desktop/Perceptron/vivado.log
# Journal file: C:/Users/joseluis/Desktop/Perceptron\vivado.jou
#-----------------------------------------------------------
start_gui
open_project C:/Users/joseluis/Desktop/Perceptron/Perceptron.xpr
Scanning sources...
Finished scanning sources
INFO: [IP_Flow 19-234] Refreshing IP repositories
INFO: [IP_Flow 19-1704] No user IP repositories specified
INFO: [IP_Flow 19-2313] Loaded Vivado IP repository 'C:/Xilinx/Vivado/2018.3/data/ip'.
open_project: Time (s): cpu = 00:00:14 ; elapsed = 00:00:09 . Memory (MB): peak = 683.875 ; gain = 127.684
update_compile_order -fileset sources_1
set_property top tb_multiplier [current_fileset]
update_compile_order -fileset sources_1
set_property top tb_multiplier [get_filesets sim_1]
set_property top_lib xil_defaultlib [get_filesets sim_1]
launch_simulation
INFO: [Vivado 12-5682] Launching behavioral simulation in 'C:/Users/joseluis/Desktop/Perceptron/Perceptron.sim/sim_1/behav/xsim'
INFO: [SIM-utils-51] Simulation object is 'sim_1'
INFO: [SIM-utils-54] Inspecting design source files for 'tb_multiplier' in fileset 'sim_1'...
INFO: [USF-XSim-97] Finding global include files...
INFO: [USF-XSim-98] Fetching design files from 'sim_1'...
INFO: [USF-XSim-2] XSim::Compile design
INFO: [USF-XSim-61] Executing 'COMPILE and ANALYZE' step in 'C:/Users/joseluis/Desktop/Perceptron/Perceptron.sim/sim_1/behav/xsim'
"xvhdl --incr --relax -prj tb_multiplier_vhdl.prj"
INFO: [USF-XSim-69] 'compile' step finished in '1' seconds
INFO: [USF-XSim-3] XSim::Elaborate design
INFO: [USF-XSim-61] Executing 'ELABORATE' step in 'C:/Users/joseluis/Desktop/Perceptron/Perceptron.sim/sim_1/behav/xsim'
Vivado Simulator 2018.3
Copyright 1986-1999, 2001-2018 Xilinx, Inc. All Rights Reserved.
Running: C:/Xilinx/Vivado/2018.3/bin/unwrapped/win64.o/xelab.exe -wto 43ed1c5269f24bb090645f36db447f08 --incr --debug typical --relax --mt 2 -L xil_defaultlib -L secureip --snapshot tb_multiplier_behav xil_defaultlib.tb_multiplier -log elaborate.log 
Using 2 slave threads.
Starting static elaboration
Completed static elaboration
INFO: [XSIM 43-4323] No Change in HDL. Linking previously generated obj files to create kernel
INFO: [USF-XSim-69] 'elaborate' step finished in '2' seconds
INFO: [USF-XSim-4] XSim::Simulate design
INFO: [USF-XSim-61] Executing 'SIMULATE' step in 'C:/Users/joseluis/Desktop/Perceptron/Perceptron.sim/sim_1/behav/xsim'
INFO: [USF-XSim-98] *** Running xsim
   with args "tb_multiplier_behav -key {Behavioral:sim_1:Functional:tb_multiplier} -tclbatch {tb_multiplier.tcl} -log {simulate.log}"
INFO: [USF-XSim-8] Loading simulator feature
Vivado Simulator 2018.3
Time resolution is 1 ps
source tb_multiplier.tcl
# set curr_wave [current_wave_config]
# if { [string length $curr_wave] == 0 } {
#   if { [llength [get_objects]] > 0} {
#     add_wave /
#     set_property needs_save false [current_wave_config]
#   } else {
#      send_msg_id Add_Wave-1 WARNING "No top level signals found. Simulator will start without a wave window. If you want to open a wave window go to 'File->New Waveform Configuration' or type 'create_wave_config' in the TCL console."
#   }
# }
# run 1000ns
INFO: [USF-XSim-96] XSim completed. Design snapshot 'tb_multiplier_behav' loaded.
INFO: [USF-XSim-97] XSim simulation ran for 1000ns
launch_simulation: Time (s): cpu = 00:00:09 ; elapsed = 00:00:08 . Memory (MB): peak = 722.727 ; gain = 9.914
set_property needs_refresh false [get_runs synth_1]
set_property needs_refresh false [get_runs impl_1]
set_property top tb_sumador [get_filesets sim_1]
set_property top_lib xil_defaultlib [get_filesets sim_1]
launch_simulation
INFO: [Vivado 12-5682] Launching behavioral simulation in 'C:/Users/joseluis/Desktop/Perceptron/Perceptron.sim/sim_1/behav/xsim'
INFO: [SIM-utils-51] Simulation object is 'sim_1'
INFO: [SIM-utils-54] Inspecting design source files for 'tb_sumador' in fileset 'sim_1'...
INFO: [USF-XSim-97] Finding global include files...
INFO: [USF-XSim-98] Fetching design files from 'sim_1'...
INFO: [USF-XSim-2] XSim::Compile design
INFO: [USF-XSim-61] Executing 'COMPILE and ANALYZE' step in 'C:/Users/joseluis/Desktop/Perceptron/Perceptron.sim/sim_1/behav/xsim'
"xvhdl --incr --relax -prj tb_sumador_vhdl.prj"
INFO: [VRFC 10-163] Analyzing VHDL file "C:/Users/joseluis/Desktop/Perceptron/Perceptron.srcs/sources_1/new/sumador.vhd" into library xil_defaultlib
INFO: [VRFC 10-3107] analyzing entity 'sumador'
INFO: [VRFC 10-163] Analyzing VHDL file "C:/Users/joseluis/Desktop/Perceptron/Perceptron.srcs/sources_1/new/tb_sumador.vhd" into library xil_defaultlib
INFO: [VRFC 10-3107] analyzing entity 'tb_sumador'
INFO: [USF-XSim-69] 'compile' step finished in '1' seconds
INFO: [USF-XSim-3] XSim::Elaborate design
INFO: [USF-XSim-61] Executing 'ELABORATE' step in 'C:/Users/joseluis/Desktop/Perceptron/Perceptron.sim/sim_1/behav/xsim'
Vivado Simulator 2018.3
Copyright 1986-1999, 2001-2018 Xilinx, Inc. All Rights Reserved.
Running: C:/Xilinx/Vivado/2018.3/bin/unwrapped/win64.o/xelab.exe -wto 43ed1c5269f24bb090645f36db447f08 --incr --debug typical --relax --mt 2 -L xil_defaultlib -L secureip --snapshot tb_sumador_behav xil_defaultlib.tb_sumador -log elaborate.log 
Using 2 slave threads.
Starting static elaboration
Completed static elaboration
Starting simulation data flow analysis
Completed simulation data flow analysis
Time Resolution for simulation is 1ps
Compiling package std.standard
Compiling package std.textio
Compiling package ieee.std_logic_1164
Compiling package ieee.numeric_std
Compiling architecture behavioral of entity xil_defaultlib.sumador [sumador_default]
Compiling architecture behavioral of entity xil_defaultlib.tb_sumador
Built simulation snapshot tb_sumador_behav

****** Webtalk v2018.3 (64-bit)
  **** SW Build 2405991 on Thu Dec  6 23:38:27 MST 2018
  **** IP Build 2404404 on Fri Dec  7 01:43:56 MST 2018
    ** Copyright 1986-2018 Xilinx, Inc. All Rights Reserved.

source C:/Users/joseluis/Desktop/Perceptron/Perceptron.sim/sim_1/behav/xsim/xsim.dir/tb_sumador_behav/webtalk/xsim_webtalk.tcl -notrace
INFO: [Common 17-186] 'C:/Users/joseluis/Desktop/Perceptron/Perceptron.sim/sim_1/behav/xsim/xsim.dir/tb_sumador_behav/webtalk/usage_statistics_ext_xsim.xml' has been successfully sent to Xilinx on Fri May 24 16:45:22 2019. For additional details about this file, please refer to the WebTalk help file at C:/Xilinx/Vivado/2018.3/doc/webtalk_introduction.html.
INFO: [Common 17-206] Exiting Webtalk at Fri May 24 16:45:22 2019...
run_program: Time (s): cpu = 00:00:01 ; elapsed = 00:00:08 . Memory (MB): peak = 741.602 ; gain = 0.000
INFO: [USF-XSim-69] 'elaborate' step finished in '8' seconds
INFO: [USF-XSim-4] XSim::Simulate design
INFO: [USF-XSim-61] Executing 'SIMULATE' step in 'C:/Users/joseluis/Desktop/Perceptron/Perceptron.sim/sim_1/behav/xsim'
INFO: [USF-XSim-98] *** Running xsim
   with args "tb_sumador_behav -key {Behavioral:sim_1:Functional:tb_sumador} -tclbatch {tb_sumador.tcl} -log {simulate.log}"
INFO: [USF-XSim-8] Loading simulator feature
Vivado Simulator 2018.3
Time resolution is 1 ps
source tb_sumador.tcl
# set curr_wave [current_wave_config]
# if { [string length $curr_wave] == 0 } {
#   if { [llength [get_objects]] > 0} {
#     add_wave /
#     set_property needs_save false [current_wave_config]
#   } else {
#      send_msg_id Add_Wave-1 WARNING "No top level signals found. Simulator will start without a wave window. If you want to open a wave window go to 'File->New Waveform Configuration' or type 'create_wave_config' in the TCL console."
#   }
# }
# run 1000ns
INFO: [USF-XSim-96] XSim completed. Design snapshot 'tb_sumador_behav' loaded.
INFO: [USF-XSim-97] XSim simulation ran for 1000ns
launch_simulation: Time (s): cpu = 00:00:05 ; elapsed = 00:00:11 . Memory (MB): peak = 752.449 ; gain = 10.848
set_property top tb_comparator [get_filesets sim_1]
set_property top_lib xil_defaultlib [get_filesets sim_1]
launch_simulation
INFO: [Vivado 12-5682] Launching behavioral simulation in 'C:/Users/joseluis/Desktop/Perceptron/Perceptron.sim/sim_1/behav/xsim'
INFO: [SIM-utils-51] Simulation object is 'sim_1'
INFO: [SIM-utils-54] Inspecting design source files for 'tb_comparator' in fileset 'sim_1'...
INFO: [USF-XSim-97] Finding global include files...
INFO: [USF-XSim-98] Fetching design files from 'sim_1'...
INFO: [USF-XSim-2] XSim::Compile design
INFO: [USF-XSim-61] Executing 'COMPILE and ANALYZE' step in 'C:/Users/joseluis/Desktop/Perceptron/Perceptron.sim/sim_1/behav/xsim'
"xvhdl --incr --relax -prj tb_comparator_vhdl.prj"
INFO: [VRFC 10-163] Analyzing VHDL file "C:/Users/joseluis/Desktop/Perceptron/Perceptron.srcs/sources_1/new/comparator.vhd" into library xil_defaultlib
INFO: [VRFC 10-3107] analyzing entity 'comparator'
INFO: [VRFC 10-163] Analyzing VHDL file "C:/Users/joseluis/Desktop/Perceptron/Perceptron.srcs/sources_1/new/tb_comparator.vhd" into library xil_defaultlib
INFO: [VRFC 10-3107] analyzing entity 'tb_comparator'
INFO: [USF-XSim-69] 'compile' step finished in '1' seconds
INFO: [USF-XSim-3] XSim::Elaborate design
INFO: [USF-XSim-61] Executing 'ELABORATE' step in 'C:/Users/joseluis/Desktop/Perceptron/Perceptron.sim/sim_1/behav/xsim'
Vivado Simulator 2018.3
Copyright 1986-1999, 2001-2018 Xilinx, Inc. All Rights Reserved.
Running: C:/Xilinx/Vivado/2018.3/bin/unwrapped/win64.o/xelab.exe -wto 43ed1c5269f24bb090645f36db447f08 --incr --debug typical --relax --mt 2 -L xil_defaultlib -L secureip --snapshot tb_comparator_behav xil_defaultlib.tb_comparator -log elaborate.log 
Using 2 slave threads.
Starting static elaboration
ERROR: [VRFC 10-664] expression has 8 elements ; expected 16 [C:/Users/joseluis/Desktop/Perceptron/Perceptron.srcs/sources_1/new/tb_comparator.vhd:24]
ERROR: [XSIM 43-3321] Static elaboration of top level VHDL design unit tb_comparator in library work failed.
INFO: [USF-XSim-69] 'elaborate' step finished in '2' seconds
INFO: [USF-XSim-99] Step results log file:'C:/Users/joseluis/Desktop/Perceptron/Perceptron.sim/sim_1/behav/xsim/elaborate.log'
ERROR: [USF-XSim-62] 'elaborate' step failed with error(s). Please check the Tcl console output or 'C:/Users/joseluis/Desktop/Perceptron/Perceptron.sim/sim_1/behav/xsim/elaborate.log' file for more information.
ERROR: [Vivado 12-4473] Detected error while running simulation. Please correct the issue and retry this operation.
ERROR: [Common 17-39] 'launch_simulation' failed due to earlier errors.
close_sim
INFO: [Simtcl 6-16] Simulation closed
close_sim: Time (s): cpu = 00:00:05 ; elapsed = 00:00:07 . Memory (MB): peak = 755.965 ; gain = 1.262
close_sim
INFO: [Simtcl 6-16] Simulation closed
close_sim: Time (s): cpu = 00:00:01 ; elapsed = 00:00:05 . Memory (MB): peak = 755.965 ; gain = 0.000
exit
INFO: [Common 17-206] Exiting Vivado at Fri May 24 16:50:30 2019...
