Vivado Simulator 2018.3
Copyright 1986-1999, 2001-2018 Xilinx, Inc. All Rights Reserved.
Running: C:/Xilinx/Vivado/2018.3/bin/unwrapped/win64.o/xelab.exe -wto 43ed1c5269f24bb090645f36db447f08 --incr --debug typical --relax --mt 2 -L xil_defaultlib -L secureip --snapshot tb_perceptron_behav xil_defaultlib.tb_perceptron -log elaborate.log 
Using 2 slave threads.
Starting static elaboration
Completed static elaboration
Starting simulation data flow analysis
Completed simulation data flow analysis
Time Resolution for simulation is 1ps
Compiling package std.standard
Compiling package std.textio
Compiling package ieee.std_logic_1164
Compiling package ieee.numeric_std
Compiling package ieee.std_logic_arith
Compiling package ieee.std_logic_unsigned
Compiling architecture behavioral of entity xil_defaultlib.multiplier [multiplier_default]
Compiling architecture behavioral of entity xil_defaultlib.sumador [sumador_default]
Compiling architecture behavioral of entity xil_defaultlib.comparator [comparator_default]
Compiling architecture structural of entity xil_defaultlib.perceptron [perceptron_default]
Compiling architecture behavioral of entity xil_defaultlib.tb_perceptron
Built simulation snapshot tb_perceptron_behav
